#
# There is insufficient memory for the Java Runtime Environment to continue.
# Native memory allocation (malloc) failed to allocate 1414736 bytes for Chunk::new
# Possible reasons:
#   The system is out of physical RAM or swap space
#   The process is running with CompressedOops enabled, and the Java Heap may be blocking the growth of the native heap
# Possible solutions:
#   Reduce memory load on the system
#   Increase physical memory or swap space
#   Check if swap backing store is full
#   Decrease Java heap size (-Xmx/-Xms)
#   Decrease number of Java threads
#   Decrease Java thread stack sizes (-Xss)
#   Set larger code cache with -XX:ReservedCodeCacheSize=
#   JVM is running with Unscaled Compressed Oops mode in which the Java heap is
#     placed in the first 4GB address space. The Java Heap base address is the
#     maximum limit for the native heap growth. Please use -XX:HeapBaseMinAddress
#     to set the Java Heap base and to place the Java Heap above 4GB virtual address.
# This output file may be truncated or incomplete.
#
#  Out of Memory Error (allocation.cpp:389), pid=4968, tid=0x0000000000000288
#
# JRE version: OpenJDK Runtime Environment (8.0_212-b04) (build 1.8.0_212-release-1586-b04)
# Java VM: OpenJDK 64-Bit Server VM (25.212-b04 mixed mode windows-amd64 compressed oops)
# Failed to write core dump. Minidumps are not enabled by default on client versions of Windows
#

---------------  T H R E A D  ---------------

Current thread (0x0000000016c0d800):  JavaThread "C2 CompilerThread2" daemon [_thread_in_native, id=648, stack(0x0000000019b40000,0x0000000019c40000)]

Stack: [0x0000000019b40000,0x0000000019c40000]
[error occurred during error reporting (printing stack bounds), id 0xc0000005]

Native frames: (J=compiled Java code, j=interpreted, Vv=VM code, C=native code)


Current CompileTask:
C2:  26970 11105       4       org.gradle.internal.component.model.ComponentAttributeMatcher::match (318 bytes)


---------------  P R O C E S S  ---------------

Java Threads: ( => current thread )
  0x0000000020978000 JavaThread "Cache worker for Java compile cache (D:\Jenni\Documents\AndroidStudioProjects\WomenSafe\.gradle\5.6.4\javaCompile)" [_thread_blocked, id=25576, stack(0x000000002e7d0000,0x000000002e8d0000)]
  0x000000002097e000 JavaThread "Cache worker for Java compile cache (C:\Users\Jenni\.gradle\caches\5.6.4\javaCompile)" [_thread_blocked, id=5976, stack(0x000000002e6d0000,0x000000002e7d0000)]
  0x000000002097d800 JavaThread "WorkerExecutor Queue Thread 11" [_thread_blocked, id=14888, stack(0x000000002e5d0000,0x000000002e6d0000)]
  0x0000000020976000 JavaThread "WorkerExecutor Queue Thread 10" [_thread_blocked, id=20252, stack(0x000000002e4d0000,0x000000002e5d0000)]
  0x000000002097c000 JavaThread "RMI TCP Connection(1)-127.0.0.1" daemon [_thread_in_native, id=28860, stack(0x000000002e1d0000,0x000000002e2d0000)]
  0x000000002097c800 JavaThread "RMI Reaper" [_thread_blocked, id=28852, stack(0x000000002e0d0000,0x000000002e1d0000)]
  0x000000001f60b000 JavaThread "RMI TCP Accept-0" daemon [_thread_in_native, id=28848, stack(0x000000002dfd0000,0x000000002e0d0000)]
  0x0000000020035800 JavaThread "GC Daemon" daemon [_thread_blocked, id=28840, stack(0x000000002ded0000,0x000000002dfd0000)]
  0x0000000020034000 JavaThread "RMI RenewClean-[127.0.0.1:17583,org.jetbrains.kotlin.daemon.common.LoopbackNetworkInterface$ClientLoopbackSocketFactory@7a8ddae1]" daemon [_thread_blocked, id=28836, stack(0x000000002ddd0000,0x000000002ded0000)]
  0x000000002003a000 JavaThread "RMI Scheduler(0)" daemon [_thread_blocked, id=28832, stack(0x0000000028940000,0x0000000028a40000)]
  0x0000000020036000 JavaThread "WorkerExecutor Queue Thread 9" [_thread_in_Java, id=2632, stack(0x0000000028240000,0x0000000028340000)]
  0x0000000020034800 JavaThread "stdout" [_thread_in_native, id=28328, stack(0x0000000028840000,0x0000000028940000)]
  0x0000000020039000 JavaThread "stderr" [_thread_in_native, id=19196, stack(0x0000000028740000,0x0000000028840000)]
  0x0000000020037800 JavaThread "stdout" [_thread_in_native, id=11892, stack(0x0000000028640000,0x0000000028740000)]
  0x0000000020037000 JavaThread "stderr" [_thread_in_native, id=18176, stack(0x0000000028540000,0x0000000028640000)]
  0x000000002002c800 JavaThread "stdout" [_thread_in_native, id=15728, stack(0x0000000028440000,0x0000000028540000)]
  0x0000000020033000 JavaThread "stderr" [_thread_in_native, id=17976, stack(0x0000000028340000,0x0000000028440000)]
  0x000000002002d000 JavaThread "stdout" [_thread_in_native, id=27256, stack(0x0000000027f40000,0x0000000028040000)]
  0x0000000020032800 JavaThread "stderr" [_thread_in_native, id=12788, stack(0x0000000027e40000,0x0000000027f40000)]
  0x0000000020031000 JavaThread "stdout" [_thread_in_native, id=13704, stack(0x0000000027d40000,0x0000000027e40000)]
  0x0000000020031800 JavaThread "stderr" [_thread_in_native, id=8156, stack(0x0000000027c40000,0x0000000027d40000)]
  0x000000002002b000 JavaThread "stdout" [_thread_in_native, id=27308, stack(0x0000000027b40000,0x0000000027c40000)]
  0x000000002002f800 JavaThread "stderr" [_thread_in_native, id=28580, stack(0x0000000027a40000,0x0000000027b40000)]
  0x0000000020030000 JavaThread "stdout" [_thread_in_native, id=9604, stack(0x0000000027940000,0x0000000027a40000)]
  0x000000002002e800 JavaThread "stderr" [_thread_in_native, id=27000, stack(0x0000000027840000,0x0000000027940000)]
  0x000000002002b800 JavaThread "stdout" [_thread_in_native, id=27436, stack(0x0000000027740000,0x0000000027840000)]
  0x000000002002e000 JavaThread "stderr" [_thread_in_native, id=24952, stack(0x0000000027640000,0x0000000027740000)]
  0x000000001b46b800 JavaThread "pool-2-thread-1" [_thread_blocked, id=12112, stack(0x0000000027540000,0x0000000027640000)]
  0x000000001f617000 JavaThread "WorkerExecutor Queue Thread 8" [_thread_blocked, id=11836, stack(0x0000000027440000,0x0000000027540000)]
  0x000000001f616000 JavaThread "WorkerExecutor Queue Thread 7" [_thread_blocked, id=3976, stack(0x0000000027340000,0x0000000027440000)]
  0x000000001f614000 JavaThread "WorkerExecutor Queue Thread 6" [_thread_blocked, id=16636, stack(0x0000000027240000,0x0000000027340000)]
  0x000000001f614800 JavaThread "WorkerExecutor Queue Thread 5" [_thread_blocked, id=17872, stack(0x0000000027140000,0x0000000027240000)]
  0x000000001f613000 JavaThread "WorkerExecutor Queue Thread 4" [_thread_blocked, id=9476, stack(0x0000000027040000,0x0000000027140000)]
  0x000000001f615800 JavaThread "WorkerExecutor Queue Thread 3" [_thread_blocked, id=10488, stack(0x0000000026f40000,0x0000000027040000)]
  0x000000001f60b800 JavaThread "WorkerExecutor Queue Thread 2" [_thread_blocked, id=20484, stack(0x0000000026e40000,0x0000000026f40000)]
  0x000000001f612800 JavaThread "WorkerExecutor Queue" [_thread_blocked, id=27024, stack(0x0000000026d40000,0x0000000026e40000)]
  0x000000001f611000 JavaThread "Cache worker for execution history cache (D:\Jenni\Documents\AndroidStudioProjects\WomenSafe\.gradle\5.6.4\executionHistory)" [_thread_blocked, id=26952, stack(0x0000000026840000,0x0000000026940000)]
  0x000000001f60e800 JavaThread "Execution worker for ':' Thread 11" [_thread_blocked, id=26772, stack(0x0000000026540000,0x0000000026640000)]
  0x000000001f60c800 JavaThread "Execution worker for ':' Thread 10" [_thread_blocked, id=27972, stack(0x0000000026440000,0x0000000026540000)]
  0x000000001f60d000 JavaThread "Execution worker for ':' Thread 9" [_thread_blocked, id=11024, stack(0x0000000026340000,0x0000000026440000)]
  0x000000001f608800 JavaThread "Execution worker for ':' Thread 8" [_thread_blocked, id=23852, stack(0x0000000026240000,0x0000000026340000)]
  0x000000001f60e000 JavaThread "Execution worker for ':' Thread 7" [_thread_blocked, id=11140, stack(0x0000000026140000,0x0000000026240000)]
  0x000000001f609800 JavaThread "Execution worker for ':' Thread 6" [_thread_blocked, id=9536, stack(0x0000000026040000,0x0000000026140000)]
  0x000000001f60f800 JavaThread "Execution worker for ':' Thread 5" [_thread_in_native, id=8620, stack(0x0000000025f40000,0x0000000026040000)]
  0x000000001f608000 JavaThread "Execution worker for ':' Thread 4" [_thread_blocked, id=28508, stack(0x0000000025e40000,0x0000000025f40000)]
  0x000000001eb76000 JavaThread "Execution worker for ':' Thread 3" [_thread_blocked, id=22704, stack(0x0000000025d40000,0x0000000025e40000)]
  0x000000001eb74800 JavaThread "Execution worker for ':' Thread 2" [_thread_blocked, id=24916, stack(0x0000000025c40000,0x0000000025d40000)]
  0x000000001eb75800 JavaThread "Execution worker for ':'" [_thread_blocked, id=19840, stack(0x0000000025b40000,0x0000000025c40000)]
  0x000000001eb78800 JavaThread "Cache worker for file content cache (D:\Jenni\Documents\AndroidStudioProjects\WomenSafe\.gradle\5.6.4\fileContent)" [_thread_blocked, id=26960, stack(0x0000000025a40000,0x0000000025b40000)]
  0x000000001eb77000 JavaThread "Cache worker for file content cache (C:\Users\Jenni\.gradle\caches\5.6.4\fileContent)" [_thread_blocked, id=12492, stack(0x0000000025940000,0x0000000025a40000)]
  0x000000001eb74000 JavaThread "Memory manager" [_thread_blocked, id=27772, stack(0x0000000025840000,0x0000000025940000)]
  0x000000001eb72800 JavaThread "Cache worker for Build Output Cleanup Cache (D:\Jenni\Documents\AndroidStudioProjects\WomenSafe\.gradle\buildOutputCleanup)" [_thread_blocked, id=6912, stack(0x00000000246c0000,0x00000000247c0000)]
  0x000000001eb6b000 JavaThread "Build operations Thread 12" [_thread_blocked, id=25476, stack(0x0000000023fc0000,0x00000000240c0000)]
  0x000000001eb71800 JavaThread "Build operations Thread 11" [_thread_blocked, id=4668, stack(0x0000000023ec0000,0x0000000023fc0000)]
  0x000000001eb6a000 JavaThread "Build operations Thread 10" [_thread_blocked, id=20624, stack(0x0000000023dc0000,0x0000000023ec0000)]
  0x000000001eb6d000 JavaThread "Build operations Thread 9" [_thread_blocked, id=26840, stack(0x0000000023cc0000,0x0000000023dc0000)]
  0x000000001eb71000 JavaThread "Build operations Thread 8" [_thread_blocked, id=15548, stack(0x0000000023bc0000,0x0000000023cc0000)]
  0x000000001eb6c800 JavaThread "Build operations Thread 7" [_thread_blocked, id=27948, stack(0x0000000023ac0000,0x0000000023bc0000)]
  0x000000001eb69800 JavaThread "Build operations Thread 6" [_thread_blocked, id=25684, stack(0x00000000239c0000,0x0000000023ac0000)]
  0x000000001eb6e000 JavaThread "Build operations Thread 5" [_thread_blocked, id=15124, stack(0x00000000238c0000,0x00000000239c0000)]
  0x000000001eb6e800 JavaThread "Build operations Thread 4" [_thread_blocked, id=28528, stack(0x0000000023560000,0x0000000023660000)]
  0x000000001eb6f800 JavaThread "Build operations Thread 3" [_thread_blocked, id=20176, stack(0x0000000023460000,0x0000000023560000)]
  0x000000001eb6b800 JavaThread "Build operations Thread 2" [_thread_blocked, id=23316, stack(0x0000000023360000,0x0000000023460000)]
  0x000000001eb70000 JavaThread "Build operations" [_thread_blocked, id=21408, stack(0x0000000023260000,0x0000000023360000)]
  0x000000001b469800 JavaThread "Cache worker for execution history cache (C:\Users\Jenni\.gradle\caches\5.6.4\executionHistory)" [_thread_blocked, id=8828, stack(0x0000000023160000,0x0000000023260000)]
  0x000000001b470000 JavaThread "Cache worker for cache directory md-rule (C:\Users\Jenni\.gradle\caches\5.6.4\md-rule)" [_thread_blocked, id=26340, stack(0x00000000205c0000,0x00000000206c0000)]
  0x000000001b46a000 JavaThread "Cache worker for cache directory md-supplier (C:\Users\Jenni\.gradle\caches\5.6.4\md-supplier)" [_thread_blocked, id=3532, stack(0x0000000020320000,0x0000000020420000)]
  0x000000001b46b000 JavaThread "Cache worker for file hash cache (D:\Jenni\Documents\AndroidStudioProjects\WomenSafe\.gradle\5.6.4\fileHashes)" [_thread_blocked, id=15612, stack(0x00000000204c0000,0x00000000205c0000)]
  0x000000001b46e800 JavaThread "Cache worker for journal cache (C:\Users\Jenni\.gradle\caches\journal-1)" [_thread_blocked, id=1956, stack(0x000000001de80000,0x000000001df80000)]
  0x000000001b46e000 JavaThread "File lock request listener" [_thread_in_native, id=27300, stack(0x000000001dd80000,0x000000001de80000)]
  0x000000001bc6f800 JavaThread "Cache worker for file hash cache (C:\Users\Jenni\.gradle\caches\5.6.4\fileHashes)" [_thread_blocked, id=26824, stack(0x000000001dc80000,0x000000001dd80000)]
  0x000000001bbef800 JavaThread "Thread-9" [_thread_blocked, id=20904, stack(0x000000001d980000,0x000000001da80000)]
  0x000000001bbee800 JavaThread "Stdin handler" [_thread_blocked, id=28540, stack(0x000000001d880000,0x000000001d980000)]
  0x000000001bbd7800 JavaThread "Asynchronous log dispatcher for DefaultDaemonConnection: socket connection from /127.0.0.1:62716 to /127.0.0.1:62717" [_thread_blocked, id=26560, stack(0x000000001d780000,0x000000001d880000)]
  0x000000001bbd6800 JavaThread "Daemon worker" [_thread_blocked, id=21788, stack(0x000000001d680000,0x000000001d780000)]
  0x000000001bbf3800 JavaThread "Cancel handler" [_thread_blocked, id=20636, stack(0x000000001d480000,0x000000001d580000)]
  0x000000001bb50800 JavaThread "Handler for socket connection from /127.0.0.1:62716 to /127.0.0.1:62717" [_thread_in_native, id=27516, stack(0x000000001d180000,0x000000001d280000)]
  0x000000001bb74800 JavaThread "Daemon" [_thread_blocked, id=21280, stack(0x000000001d080000,0x000000001d180000)]
  0x000000001bb79000 JavaThread "Daemon periodic checks" [_thread_blocked, id=22552, stack(0x000000001cf80000,0x000000001d080000)]
  0x000000001bb1e800 JavaThread "Incoming local TCP Connector on port 62716" [_thread_in_native, id=15140, stack(0x000000001cd20000,0x000000001ce20000)]
  0x000000001baf6800 JavaThread "Daemon health stats" [_thread_blocked, id=12108, stack(0x000000001c6e0000,0x000000001c7e0000)]
  0x00000000182fe000 JavaThread "Service Thread" daemon [_thread_blocked, id=24200, stack(0x0000000019d40000,0x0000000019e40000)]
  0x0000000016c0e800 JavaThread "C1 CompilerThread3" daemon [_thread_blocked, id=27012, stack(0x0000000019c40000,0x0000000019d40000)]
=>0x0000000016c0d800 JavaThread "C2 CompilerThread2" daemon [_thread_in_native, id=648, stack(0x0000000019b40000,0x0000000019c40000)]
  0x00000000182da000 JavaThread "C2 CompilerThread1" daemon [_thread_blocked, id=28516, stack(0x0000000019a40000,0x0000000019b40000)]
  0x00000000182d3000 JavaThread "C2 CompilerThread0" daemon [_thread_blocked, id=15320, stack(0x0000000019940000,0x0000000019a40000)]
  0x00000000182d2000 JavaThread "Attach Listener" daemon [_thread_blocked, id=27336, stack(0x0000000019840000,0x0000000019940000)]
  0x00000000182e0800 JavaThread "Signal Dispatcher" daemon [_thread_blocked, id=1204, stack(0x0000000019740000,0x0000000019840000)]
  0x0000000016c02800 JavaThread "Finalizer" daemon [_thread_blocked, id=11404, stack(0x0000000019520000,0x0000000019620000)]
  0x00000000182c3000 JavaThread "Reference Handler" daemon [_thread_blocked, id=23052, stack(0x0000000019420000,0x0000000019520000)]
  0x0000000000cbe000 JavaThread "main" [_thread_blocked, id=22452, stack(0x0000000002a10000,0x0000000002b10000)]

Other Threads:
  0x0000000016bf6000 VMThread [stack: 0x0000000019320000,0x0000000019420000] [id=4352]
  0x00000000182ff000 WatcherThread [stack: 0x0000000019e40000,0x0000000019f40000] [id=27156]

VM state:not at safepoint (normal execution)

VM Mutex/Monitor currently owned by a thread: None

heap address: 0x00000000a0000000, size: 1536 MB, Compressed Oops mode: 32-bit
Narrow klass base: 0x0000000000000000, Narrow klass shift: 3
Compressed class space size: 1073741824 Address: 0x0000000100000000

Heap:
 PSYoungGen      total 220160K, used 75699K [0x00000000e0000000, 0x00000000f1880000, 0x0000000100000000)
  eden space 197632K, 26% used [0x00000000e0000000,0x00000000e33f0a00,0x00000000ec100000)
  from space 22528K, 99% used [0x00000000ec100000,0x00000000ed6fc3f0,0x00000000ed700000)
  to   space 30208K, 0% used [0x00000000efb00000,0x00000000efb00000,0x00000000f1880000)
 ParOldGen       total 139264K, used 46577K [0x00000000a0000000, 0x00000000a8800000, 0x00000000e0000000)
  object space 139264K, 33% used [0x00000000a0000000,0x00000000a2d7c488,0x00000000a8800000)
 Metaspace       used 73749K, capacity 77628K, committed 77952K, reserved 1116160K
  class space    used 10022K, capacity 10760K, committed 10880K, reserved 1048576K

Card table byte_map: [0x0000000011fe0000,0x00000000122f0000] byte_map_base: 0x0000000011ae0000

Marking Bits: (ParMarkBitMap*) 0x000000006eac9f30
 Begin Bits: [0x0000000012ef0000, 0x00000000146f0000)
 End Bits:   [0x00000000146f0000, 0x0000000015ef0000)

Polling page: 0x00000000010e0000

CodeCache: size=245760Kb used=30253Kb max_used=30264Kb free=215506Kb
 bounds [0x0000000002c20000, 0x00000000049e0000, 0x0000000011c20000]
 total_blobs=10516 nmethods=9665 adapters=764
 compilation: enabled

Compilation events (10 events):
Event: 26.924 Thread 0x0000000016c0e800 11428       3       com.android.builder.files.RelativeFile::<init> (37 bytes)
Event: 26.925 Thread 0x0000000016c0e800 nmethod 11428 0x00000000049a6190 code [0x00000000049a6340, 0x00000000049a6928]
Event: 26.925 Thread 0x0000000016c0e800 11427       3       com.android.builder.files.DirectoryEntry::<init> (27 bytes)
Event: 26.925 Thread 0x0000000016c0e800 nmethod 11427 0x00000000049a5c10 code [0x00000000049a5d80, 0x00000000049a6048]
Event: 26.925 Thread 0x0000000016c0e800 11429       3       com.android.builder.files.RelativeFile::<init> (10 bytes)
Event: 26.925 Thread 0x0000000016c0e800 nmethod 11429 0x00000000049a5850 code [0x00000000049a59c0, 0x00000000049a5b48]
Event: 26.937 Thread 0x00000000182da000 11430       4       java.nio.CharBuffer::hasArray (20 bytes)
Event: 26.938 Thread 0x00000000182d3000 11431       4       java.nio.ByteBuffer::hasArray (20 bytes)
Event: 26.938 Thread 0x00000000182da000 nmethod 11430 0x00000000049a7390 code [0x00000000049a74c0, 0x00000000049a7558]
Event: 26.938 Thread 0x00000000182d3000 nmethod 11431 0x00000000049b2f10 code [0x00000000049b3040, 0x00000000049b30d8]

GC Heap History (10 events):
Event: 8.379 GC heap before
{Heap before GC invocations=14 (full 2):
 PSYoungGen      total 154624K, used 75765K [0x00000000e0000000, 0x00000000ecc80000, 0x0000000100000000)
  eden space 140288K, 43% used [0x00000000e0000000,0x00000000e3c04e38,0x00000000e8900000)
  from space 14336K, 99% used [0x00000000e8900000,0x00000000e96f8768,0x00000000e9700000)
  to   space 19456K, 0% used [0x00000000eb980000,0x00000000eb980000,0x00000000ecc80000)
 ParOldGen       total 88064K, used 26243K [0x00000000a0000000, 0x00000000a5600000, 0x00000000e0000000)
  object space 88064K, 29% used [0x00000000a0000000,0x00000000a19a0e18,0x00000000a5600000)
 Metaspace       used 57136K, capacity 58988K, committed 59096K, reserved 1099776K
  class space    used 7843K, capacity 8254K, committed 8320K, reserved 1048576K
Event: 8.386 GC heap after
Heap after GC invocations=14 (full 2):
 PSYoungGen      total 190464K, used 5795K [0x00000000e0000000, 0x00000000ed480000, 0x0000000100000000)
  eden space 171008K, 0% used [0x00000000e0000000,0x00000000e0000000,0x00000000ea700000)
  from space 19456K, 29% used [0x00000000eb980000,0x00000000ebf28f78,0x00000000ecc80000)
  to   space 18944K, 0% used [0x00000000ea700000,0x00000000ea700000,0x00000000eb980000)
 ParOldGen       total 88064K, used 34529K [0x00000000a0000000, 0x00000000a5600000, 0x00000000e0000000)
  object space 88064K, 39% used [0x00000000a0000000,0x00000000a21b8438,0x00000000a5600000)
 Metaspace       used 57136K, capacity 58988K, committed 59096K, reserved 1099776K
  class space    used 7843K, capacity 8254K, committed 8320K, reserved 1048576K
}
Event: 8.386 GC heap before
{Heap before GC invocations=15 (full 3):
 PSYoungGen      total 190464K, used 5795K [0x00000000e0000000, 0x00000000ed480000, 0x0000000100000000)
  eden space 171008K, 0% used [0x00000000e0000000,0x00000000e0000000,0x00000000ea700000)
  from space 19456K, 29% used [0x00000000eb980000,0x00000000ebf28f78,0x00000000ecc80000)
  to   space 18944K, 0% used [0x00000000ea700000,0x00000000ea700000,0x00000000eb980000)
 ParOldGen       total 88064K, used 34529K [0x00000000a0000000, 0x00000000a5600000, 0x00000000e0000000)
  object space 88064K, 39% used [0x00000000a0000000,0x00000000a21b8438,0x00000000a5600000)
 Metaspace       used 57136K, capacity 58988K, committed 59096K, reserved 1099776K
  class space    used 7843K, capacity 8254K, committed 8320K, reserved 1048576K
Event: 8.603 GC heap after
Heap after GC invocations=15 (full 3):
 PSYoungGen      total 190464K, used 0K [0x00000000e0000000, 0x00000000ed480000, 0x0000000100000000)
  eden space 171008K, 0% used [0x00000000e0000000,0x00000000e0000000,0x00000000ea700000)
  from space 19456K, 0% used [0x00000000eb980000,0x00000000eb980000,0x00000000ecc80000)
  to   space 18944K, 0% used [0x00000000ea700000,0x00000000ea700000,0x00000000eb980000)
 ParOldGen       total 139264K, used 35001K [0x00000000a0000000, 0x00000000a8800000, 0x00000000e0000000)
  object space 139264K, 25% used [0x00000000a0000000,0x00000000a222e708,0x00000000a8800000)
 Metaspace       used 57136K, capacity 58988K, committed 59096K, reserved 1099776K
  class space    used 7843K, capacity 8254K, committed 8320K, reserved 1048576K
}
Event: 9.786 GC heap before
{Heap before GC invocations=16 (full 3):
 PSYoungGen      total 190464K, used 171008K [0x00000000e0000000, 0x00000000ed480000, 0x0000000100000000)
  eden space 171008K, 100% used [0x00000000e0000000,0x00000000ea700000,0x00000000ea700000)
  from space 19456K, 0% used [0x00000000eb980000,0x00000000eb980000,0x00000000ecc80000)
  to   space 18944K, 0% used [0x00000000ea700000,0x00000000ea700000,0x00000000eb980000)
 ParOldGen       total 139264K, used 35001K [0x00000000a0000000, 0x00000000a8800000, 0x00000000e0000000)
  object space 139264K, 25% used [0x00000000a0000000,0x00000000a222e708,0x00000000a8800000)
 Metaspace       used 61463K, capacity 64764K, committed 65024K, reserved 1105920K
  class space    used 8532K, capacity 9128K, committed 9216K, reserved 1048576K
Event: 9.796 GC heap after
Heap after GC invocations=16 (full 3):
 PSYoungGen      total 189952K, used 16693K [0x00000000e0000000, 0x00000000eeb80000, 0x0000000100000000)
  eden space 171008K, 0% used [0x00000000e0000000,0x00000000e0000000,0x00000000ea700000)
  from space 18944K, 88% used [0x00000000ea700000,0x00000000eb74d770,0x00000000eb980000)
  to   space 20992K, 0% used [0x00000000ed700000,0x00000000ed700000,0x00000000eeb80000)
 ParOldGen       total 139264K, used 35009K [0x00000000a0000000, 0x00000000a8800000, 0x00000000e0000000)
  object space 139264K, 25% used [0x00000000a0000000,0x00000000a2230708,0x00000000a8800000)
 Metaspace       used 61463K, capacity 64764K, committed 65024K, reserved 1105920K
  class space    used 8532K, capacity 9128K, committed 9216K, reserved 1048576K
}
Event: 11.225 GC heap before
{Heap before GC invocations=17 (full 3):
 PSYoungGen      total 189952K, used 187701K [0x00000000e0000000, 0x00000000eeb80000, 0x0000000100000000)
  eden space 171008K, 100% used [0x00000000e0000000,0x00000000ea700000,0x00000000ea700000)
  from space 18944K, 88% used [0x00000000ea700000,0x00000000eb74d770,0x00000000eb980000)
  to   space 20992K, 0% used [0x00000000ed700000,0x00000000ed700000,0x00000000eeb80000)
 ParOldGen       total 139264K, used 35009K [0x00000000a0000000, 0x00000000a8800000, 0x00000000e0000000)
  object space 139264K, 25% used [0x00000000a0000000,0x00000000a2230708,0x00000000a8800000)
 Metaspace       used 63673K, capacity 67056K, committed 67328K, reserved 1107968K
  class space    used 8745K, capacity 9392K, committed 9472K, reserved 1048576K
Event: 11.240 GC heap after
Heap after GC invocations=17 (full 3):
 PSYoungGen      total 218624K, used 18041K [0x00000000e0000000, 0x00000000eee80000, 0x0000000100000000)
  eden space 197632K, 0% used [0x00000000e0000000,0x00000000e0000000,0x00000000ec100000)
  from space 20992K, 85% used [0x00000000ed700000,0x00000000ee89e560,0x00000000eeb80000)
  to   space 22528K, 0% used [0x00000000ec100000,0x00000000ec100000,0x00000000ed700000)
 ParOldGen       total 139264K, used 35017K [0x00000000a0000000, 0x00000000a8800000, 0x00000000e0000000)
  object space 139264K, 25% used [0x00000000a0000000,0x00000000a2232708,0x00000000a8800000)
 Metaspace       used 63673K, capacity 67056K, committed 67328K, reserved 1107968K
  class space    used 8745K, capacity 9392K, committed 9472K, reserved 1048576K
}
Event: 16.332 GC heap before
{Heap before GC invocations=18 (full 3):
 PSYoungGen      total 218624K, used 215673K [0x00000000e0000000, 0x00000000eee80000, 0x0000000100000000)
  eden space 197632K, 100% used [0x00000000e0000000,0x00000000ec100000,0x00000000ec100000)
  from space 20992K, 85% used [0x00000000ed700000,0x00000000ee89e560,0x00000000eeb80000)
  to   space 22528K, 0% used [0x00000000ec100000,0x00000000ec100000,0x00000000ed700000)
 ParOldGen       total 139264K, used 35017K [0x00000000a0000000, 0x00000000a8800000, 0x00000000e0000000)
  object space 139264K, 25% used [0x00000000a0000000,0x00000000a2232708,0x00000000a8800000)
 Metaspace       used 72321K, capacity 76122K, committed 76160K, reserved 1114112K
  class space    used 9835K, capacity 10588K, committed 10624K, reserved 1048576K
Event: 16.361 GC heap after
Heap after GC invocations=18 (full 3):
 PSYoungGen      total 220160K, used 22512K [0x00000000e0000000, 0x00000000f1880000, 0x0000000100000000)
  eden space 197632K, 0% used [0x00000000e0000000,0x00000000e0000000,0x00000000ec100000)
  from space 22528K, 99% used [0x00000000ec100000,0x00000000ed6fc3f0,0x00000000ed700000)
  to   space 30208K, 0% used [0x00000000efb00000,0x00000000efb00000,0x00000000f1880000)
 ParOldGen       total 139264K, used 46577K [0x00000000a0000000, 0x00000000a8800000, 0x00000000e0000000)
  object space 139264K, 33% used [0x00000000a0000000,0x00000000a2d7c488,0x00000000a8800000)
 Metaspace       used 72321K, capacity 76122K, committed 76160K, reserved 1114112K
  class space    used 9835K, capacity 10588K, committed 10624K, reserved 1048576K
}

Deoptimization events (10 events):
Event: 26.724 Thread 0x000000001f60f800 Uncommon trap: reason=class_check action=maybe_recompile pc=0x000000000448e1a0 method=org.gradle.internal.fingerprint.classpath.impl.ClasspathFingerprintingStrategy$ClasspathContentFingerprintingVisitor.fingerprintTreeFile(Lorg/gradle/internal/snapshot/Re
Event: 26.724 Thread 0x000000001f60f800 Uncommon trap: reason=class_check action=maybe_recompile pc=0x000000000448e1a0 method=org.gradle.internal.fingerprint.classpath.impl.ClasspathFingerprintingStrategy$ClasspathContentFingerprintingVisitor.fingerprintTreeFile(Lorg/gradle/internal/snapshot/Re
Event: 26.739 Thread 0x0000000020036000 Uncommon trap: reason=unstable_if action=reinterpret pc=0x0000000003b085d4 method=java.nio.Bits.getShort(Ljava/nio/ByteBuffer;IZ)S @ 1
Event: 26.744 Thread 0x0000000020036000 Uncommon trap: reason=bimorphic action=maybe_recompile pc=0x000000000476a850 method=java.util.Collections$UnmodifiableCollection.size()I @ 4
Event: 26.796 Thread 0x0000000020036000 Uncommon trap: reason=class_check action=maybe_recompile pc=0x00000000047073ac method=com.google.common.collect.ImmutableMap.copyOf(Ljava/util/Map;)Lcom/google/common/collect/ImmutableMap; @ 49
Event: 26.796 Thread 0x0000000020036000 Uncommon trap: reason=class_check action=maybe_recompile pc=0x000000000470a9c8 method=com.google.common.collect.Iterables.castOrCopyToCollection(Ljava/lang/Iterable;)Ljava/util/Collection; @ 1
Event: 26.803 Thread 0x0000000020036000 Uncommon trap: reason=class_check action=maybe_recompile pc=0x00000000047073ac method=com.google.common.collect.ImmutableMap.copyOf(Ljava/util/Map;)Lcom/google/common/collect/ImmutableMap; @ 49
Event: 26.803 Thread 0x0000000020036000 Uncommon trap: reason=class_check action=maybe_recompile pc=0x000000000470a9c8 method=com.google.common.collect.Iterables.castOrCopyToCollection(Ljava/lang/Iterable;)Ljava/util/Collection; @ 1
Event: 26.897 Thread 0x0000000020036000 Uncommon trap: reason=class_check action=maybe_recompile pc=0x00000000047073ac method=com.google.common.collect.ImmutableMap.copyOf(Ljava/util/Map;)Lcom/google/common/collect/ImmutableMap; @ 49
Event: 26.897 Thread 0x0000000020036000 Uncommon trap: reason=class_check action=maybe_recompile pc=0x000000000470a9c8 method=com.google.common.collect.Iterables.castOrCopyToCollection(Ljava/lang/Iterable;)Ljava/util/Collection; @ 1

Classes redefined (0 events):
No events

Internal exceptions (10 events):
Event: 16.273 Thread 0x000000001f60f800 Exception <a 'java/lang/NoSuchMethodError': <clinit>> (0x00000000ebca1a20) thrown at [D:\src\AOSP-openjdk-cygwin\jdk8u\hotspot\src\share\vm\prims\jni.cpp, line 1614]
Event: 16.283 Thread 0x000000001f60f800 Exception <a 'java/lang/NoSuchMethodError': <clinit>> (0x00000000ebcd61f8) thrown at [D:\src\AOSP-openjdk-cygwin\jdk8u\hotspot\src\share\vm\prims\jni.cpp, line 1614]
Event: 16.314 Thread 0x000000001f60f800 Exception <a 'java/lang/NoSuchMethodError': <clinit>> (0x00000000ebe633e8) thrown at [D:\src\AOSP-openjdk-cygwin\jdk8u\hotspot\src\share\vm\prims\jni.cpp, line 1614]
Event: 16.317 Thread 0x000000001f60f800 Exception <a 'java/lang/NoSuchMethodError': <clinit>> (0x00000000ebf39ca0) thrown at [D:\src\AOSP-openjdk-cygwin\jdk8u\hotspot\src\share\vm\prims\jni.cpp, line 1614]
Event: 26.232 Thread 0x000000001f60f800 Exception <a 'java/lang/NoSuchMethodError': <clinit>> (0x00000000e019dd28) thrown at [D:\src\AOSP-openjdk-cygwin\jdk8u\hotspot\src\share\vm\prims\jni.cpp, line 1614]
Event: 26.233 Thread 0x000000001f60f800 Exception <a 'java/lang/NoSuchMethodError': <clinit>> (0x00000000e01b0768) thrown at [D:\src\AOSP-openjdk-cygwin\jdk8u\hotspot\src\share\vm\prims\jni.cpp, line 1614]
Event: 26.436 Thread 0x000000001f608000 Exception <a 'java/lang/NoSuchMethodError': <clinit>> (0x00000000e16a1cd0) thrown at [D:\src\AOSP-openjdk-cygwin\jdk8u\hotspot\src\share\vm\prims\jni.cpp, line 1614]
Event: 26.442 Thread 0x000000001f608000 Exception <a 'java/lang/NoSuchMethodError': <clinit>> (0x00000000e16c73d8) thrown at [D:\src\AOSP-openjdk-cygwin\jdk8u\hotspot\src\share\vm\prims\jni.cpp, line 1614]
Event: 26.515 Thread 0x0000000020036000 Exception <a 'java/lang/NoSuchMethodError': java.lang.Object.lambda$asRunnable$0(Lcom/android/tools/build/apkzlib/utils/IOExceptionRunnable;)V> (0x00000000e1814708) thrown at [D:\src\AOSP-openjdk-cygwin\jdk8u\hotspot\src\share\vm\interpreter\linkResolver.
Event: 26.637 Thread 0x0000000020036000 Exception <a 'java/lang/NoSuchMethodError': java.lang.Object.newSystemTemporaryDirectory()Lcom/android/tools/build/apkzlib/bytestorage/TemporaryDirectory;> (0x00000000e1f0bf18) thrown at [D:\src\AOSP-openjdk-cygwin\jdk8u\hotspot\src\share\vm\interpreter\l

Events (10 events):
Event: 26.923 loading class com/sun/tools/javac/api/JavacTool$1
Event: 26.923 loading class com/sun/tools/javac/api/JavacTool$1 done
Event: 26.923 loading class com/sun/tools/javac/main/OptionHelper$GrumpyHelper
Event: 26.923 loading class com/sun/tools/javac/main/OptionHelper$GrumpyHelper done
Event: 26.926 loading class com/sun/tools/javac/util/Context$Key
Event: 26.926 loading class com/sun/tools/javac/util/Context$Key done
Event: 26.927 loading class com/sun/tools/javac/util/Log
Event: 26.927 loading class com/sun/tools/javac/util/Log done
Event: 26.929 loading class com/sun/tools/javac/util/AbstractLog
Event: 26.929 loading class com/sun/tools/javac/util/AbstractLog done


Dynamic libraries:
0x00007ff7f4e70000 - 0x00007ff7f4ea1000 	D:\Program Files\Android\Android Studio\jre\bin\java.exe
0x00007ff88cb80000 - 0x00007ff88cd70000 	C:\Windows\SYSTEM32\ntdll.dll
0x00007ff88ac90000 - 0x00007ff88ad42000 	C:\Windows\System32\KERNEL32.DLL
0x00007ff889e90000 - 0x00007ff88a133000 	C:\Windows\System32\KERNELBASE.dll
0x00007ff88af50000 - 0x00007ff88aff3000 	C:\Windows\System32\ADVAPI32.dll
0x00007ff88c1d0000 - 0x00007ff88c26e000 	C:\Windows\System32\msvcrt.dll
0x00007ff88aeb0000 - 0x00007ff88af47000 	C:\Windows\System32\sechost.dll
0x00007ff88b0c0000 - 0x00007ff88b1e0000 	C:\Windows\System32\RPCRT4.dll
0x00007ff88b6d0000 - 0x00007ff88b864000 	C:\Windows\System32\USER32.dll
0x00007ff88a140000 - 0x00007ff88a161000 	C:\Windows\System32\win32u.dll
0x00007ff88c2a0000 - 0x00007ff88c2c6000 	C:\Windows\System32\GDI32.dll
0x00007ff889cf0000 - 0x00007ff889e84000 	C:\Windows\System32\gdi32full.dll
0x00007ff88ab10000 - 0x00007ff88abae000 	C:\Windows\System32\msvcp_win.dll
0x00007ff889bf0000 - 0x00007ff889cea000 	C:\Windows\System32\ucrtbase.dll
0x00007ff874800000 - 0x00007ff874a85000 	C:\Windows\WinSxS\amd64_microsoft.windows.common-controls_6595b64144ccf1df_6.0.18362.720_none_e6beb5c51314836b\COMCTL32.dll
0x00007ff88b2a0000 - 0x00007ff88b5d6000 	C:\Windows\System32\combase.dll
0x00007ff88abb0000 - 0x00007ff88ac30000 	C:\Windows\System32\bcryptPrimitives.dll
0x00007ff88c270000 - 0x00007ff88c29e000 	C:\Windows\System32\IMM32.DLL
0x000000006e140000 - 0x000000006e212000 	D:\Program Files\Android\Android Studio\jre\jre\bin\msvcr100.dll
0x000000006e300000 - 0x000000006eb46000 	D:\Program Files\Android\Android Studio\jre\jre\bin\server\jvm.dll
0x00007ff88c970000 - 0x00007ff88c978000 	C:\Windows\System32\PSAPI.DLL
0x00007ff87f060000 - 0x00007ff87f06a000 	C:\Windows\SYSTEM32\VERSION.dll
0x00007ff883190000 - 0x00007ff883199000 	C:\Windows\SYSTEM32\WSOCK32.dll
0x00007ff881f90000 - 0x00007ff881fb4000 	C:\Windows\SYSTEM32\WINMM.dll
0x00007ff88b660000 - 0x00007ff88b6cf000 	C:\Windows\System32\WS2_32.dll
0x00007ff881f60000 - 0x00007ff881f8d000 	C:\Windows\SYSTEM32\winmmbase.dll
0x00007ff88aac0000 - 0x00007ff88ab0a000 	C:\Windows\System32\cfgmgr32.dll
0x00007ff883140000 - 0x00007ff88314f000 	D:\Program Files\Android\Android Studio\jre\jre\bin\verify.dll
0x00007ff876fe0000 - 0x00007ff877009000 	D:\Program Files\Android\Android Studio\jre\jre\bin\java.dll
0x00007ff883120000 - 0x00007ff883136000 	D:\Program Files\Android\Android Studio\jre\jre\bin\zip.dll
0x00007ff88b870000 - 0x00007ff88bf55000 	C:\Windows\System32\SHELL32.dll
0x00007ff88b010000 - 0x00007ff88b0b9000 	C:\Windows\System32\shcore.dll
0x00007ff88a340000 - 0x00007ff88aac0000 	C:\Windows\System32\windows.storage.dll
0x00007ff889a90000 - 0x00007ff889ab3000 	C:\Windows\System32\profapi.dll
0x00007ff889ac0000 - 0x00007ff889b0a000 	C:\Windows\System32\powrprof.dll
0x00007ff889a40000 - 0x00007ff889a50000 	C:\Windows\System32\UMPDC.dll
0x00007ff88bf60000 - 0x00007ff88bfb2000 	C:\Windows\System32\shlwapi.dll
0x00007ff889a70000 - 0x00007ff889a81000 	C:\Windows\System32\kernel.appcore.dll
0x00007ff88a170000 - 0x00007ff88a187000 	C:\Windows\System32\cryptsp.dll
0x00007ff882020000 - 0x00007ff88203a000 	D:\Program Files\Android\Android Studio\jre\jre\bin\net.dll
0x00007ff876190000 - 0x00007ff876365000 	C:\Windows\SYSTEM32\urlmon.dll
0x00007ff8767f0000 - 0x00007ff876a96000 	C:\Windows\SYSTEM32\iertutil.dll
0x00007ff889480000 - 0x00007ff88948c000 	C:\Windows\SYSTEM32\CRYPTBASE.DLL
0x00007ff8892b0000 - 0x00007ff889317000 	C:\Windows\system32\mswsock.dll
0x00007ff876bc0000 - 0x00007ff876bd3000 	D:\Program Files\Android\Android Studio\jre\jre\bin\nio.dll
0x00007ff880260000 - 0x00007ff880286000 	C:\Users\Jenni\.gradle\native\30\windows-amd64\native-platform.dll
0x00007ff881ff0000 - 0x00007ff881ffd000 	D:\Program Files\Android\Android Studio\jre\jre\bin\management.dll
0x00007ff888e20000 - 0x00007ff888e53000 	C:\Windows\system32\rsaenh.dll
0x00007ff889bc0000 - 0x00007ff889be6000 	C:\Windows\System32\bcrypt.dll
0x00007ff889960000 - 0x00007ff889985000 	C:\Windows\SYSTEM32\USERENV.dll
0x00007ff888fc0000 - 0x00007ff888ffa000 	C:\Windows\SYSTEM32\IPHLPAPI.DLL
0x00007ff88b000000 - 0x00007ff88b008000 	C:\Windows\System32\NSI.dll
0x00007ff87dfd0000 - 0x00007ff87dfe6000 	C:\Windows\SYSTEM32\dhcpcsvc6.DLL
0x00007ff87e080000 - 0x00007ff87e09c000 	C:\Windows\SYSTEM32\dhcpcsvc.DLL
0x00007ff889000000 - 0x00007ff8890ca000 	C:\Windows\SYSTEM32\DNSAPI.dll
0x00007ff872660000 - 0x00007ff87267e000 	C:\Users\Jenni\AppData\Local\Temp\native-platform2748491688595870119dir\native-platform.dll

VM Arguments:
jvm_args: -Xmx1536m -Dfile.encoding=windows-1252 -Duser.country=BR -Duser.language=pt -Duser.variant 
java_command: org.gradle.launcher.daemon.bootstrap.GradleDaemon 5.6.4
java_class_path (initial): C:\Users\Jenni\.gradle\wrapper\dists\gradle-5.6.4-all\ankdp27end7byghfw1q2sw75f\gradle-5.6.4\lib\gradle-launcher-5.6.4.jar
Launcher Type: SUN_STANDARD

Environment Variables:
PATH=C:\Windows\system32;C:\Windows;C:\Windows\System32\Wbem;C:\Windows\System32\WindowsPowerShell\v1.0\;C:\Windows\System32\OpenSSH\;C:\Program Files (x86)\NVIDIA Corporation\PhysX\Common;C:\Program Files\NVIDIA Corporation\NVIDIA NvDLISR;C:\Program Files (x86)\Intel\Intel(R) Management Engine Components\DAL;C:\Program Files\Intel\Intel(R) Management Engine Components\DAL;D:\Program Files\Git\cmd;C:\Users\Jenni\AppData\Local\Microsoft\WindowsApps;;D:\Programas\Microsoft VS Code\bin;D:\Microsoft VS Code\bin
USERNAME=Jenni
OS=Windows_NT
PROCESSOR_IDENTIFIER=Intel64 Family 6 Model 158 Stepping 10, GenuineIntel



---------------  S Y S T E M  ---------------

OS: Windows 10.0 , 64 bit Build 18362 (10.0.18362.329)

CPU:total 12 (initial active 12) (6 cores per cpu, 2 threads per core) family 6 model 158 stepping 10, cmov, cx8, fxsr, mmx, sse, sse2, sse3, ssse3, sse4.1, sse4.2, popcnt, avx, avx2, aes, clmul, erms, 3dnowpref, lzcnt, ht, tsc, tscinvbit, bmi1, bmi2, adx

Memory: 4k page, physical 8190388k(244032k free), swap 21502256k(12480k free)

vm_info: OpenJDK 64-Bit Server VM (25.212-b04) for windows-amd64 JRE (1.8.0_212-release-1586-b04), built by "builder" with MS VC++ 10.0 (VS2010)

time: Fri Apr 10 20:42:18 2020
timezone: Hora oficial do Brasil
elapsed time: 26 seconds (0d 0h 0m 26s)

