#
# There is insufficient memory for the Java Runtime Environment to continue.
# Native memory allocation (malloc) failed to allocate 1094096 bytes for Chunk::new
# Possible reasons:
#   The system is out of physical RAM or swap space
#   The process is running with CompressedOops enabled, and the Java Heap may be blocking the growth of the native heap
# Possible solutions:
#   Reduce memory load on the system
#   Increase physical memory or swap space
#   Check if swap backing store is full
#   Decrease Java heap size (-Xmx/-Xms)
#   Decrease number of Java threads
#   Decrease Java thread stack sizes (-Xss)
#   Set larger code cache with -XX:ReservedCodeCacheSize=
#   JVM is running with Unscaled Compressed Oops mode in which the Java heap is
#     placed in the first 4GB address space. The Java Heap base address is the
#     maximum limit for the native heap growth. Please use -XX:HeapBaseMinAddress
#     to set the Java Heap base and to place the Java Heap above 4GB virtual address.
# This output file may be truncated or incomplete.
#
#  Out of Memory Error (allocation.cpp:389), pid=252, tid=0x0000000000005a24
#
# JRE version: OpenJDK Runtime Environment (8.0_212-b04) (build 1.8.0_212-release-1586-b04)
# Java VM: OpenJDK 64-Bit Server VM (25.212-b04 mixed mode windows-amd64 compressed oops)
# Failed to write core dump. Minidumps are not enabled by default on client versions of Windows
#

---------------  T H R E A D  ---------------

Current thread (0x0000000018b4d800):  JavaThread "C2 CompilerThread0" daemon [_thread_in_native, id=23076, stack(0x000000001a1c0000,0x000000001a2c0000)]

Stack: [0x000000001a1c0000,0x000000001a2c0000]
[error occurred during error reporting (printing stack bounds), id 0xc0000005]

Native frames: (J=compiled Java code, j=interpreted, Vv=VM code, C=native code)


Current CompileTask:
C2:11228843 15187       4       com.sun.org.apache.xerces.internal.impl.XMLNSDocumentScannerImpl::scanStartElement (1026 bytes)


---------------  P R O C E S S  ---------------

Java Threads: ( => current thread )
  0x000000001b640800 JavaThread "stdout" [_thread_in_native, id=24696, stack(0x000000002b270000,0x000000002b370000)]
  0x000000001b63c800 JavaThread "stderr" [_thread_in_native, id=26632, stack(0x000000002b170000,0x000000002b270000)]
  0x000000001b642000 JavaThread "stdout" [_thread_in_native, id=19724, stack(0x000000002b070000,0x000000002b170000)]
  0x000000001b63f800 JavaThread "stderr" [_thread_in_native, id=5856, stack(0x000000002af70000,0x000000002b070000)]
  0x000000001b63f000 JavaThread "stdout" [_thread_in_native, id=16672, stack(0x000000002ae70000,0x000000002af70000)]
  0x000000001b63e000 JavaThread "stderr" [_thread_in_native, id=17288, stack(0x000000002ac70000,0x000000002ad70000)]
  0x000000001b63c000 JavaThread "stdout" [_thread_in_native, id=1244, stack(0x000000002ab70000,0x000000002ac70000)]
  0x000000001b634800 JavaThread "stderr" [_thread_in_native, id=16560, stack(0x000000002aa70000,0x000000002ab70000)]
  0x000000001b636000 JavaThread "pool-17-thread-1" [_thread_blocked, id=8276, stack(0x000000002ad70000,0x000000002ae70000)]
  0x000000001b63b000 JavaThread "Cache worker for execution history cache (D:\Jenni\Documents\AndroidStudioProjects\WomenSafe\.gradle\5.6.4\executionHistory)" [_thread_blocked, id=11844, stack(0x000000002a770000,0x000000002a870000)]
  0x000000001b639800 JavaThread "Execution worker for ':' Thread 11" [_thread_blocked, id=21868, stack(0x000000002a670000,0x000000002a770000)]
  0x000000001b635000 JavaThread "Execution worker for ':' Thread 10" [_thread_in_native, id=26096, stack(0x000000002a570000,0x000000002a670000)]
  0x000000001b638000 JavaThread "Execution worker for ':' Thread 9" [_thread_blocked, id=24896, stack(0x000000002a470000,0x000000002a570000)]
  0x000000001b639000 JavaThread "Execution worker for ':' Thread 8" [_thread_blocked, id=27256, stack(0x000000002a370000,0x000000002a470000)]
  0x000000001b637800 JavaThread "Execution worker for ':' Thread 7" [_thread_blocked, id=24052, stack(0x000000002a270000,0x000000002a370000)]
  0x000000001b633800 JavaThread "Execution worker for ':' Thread 6" [_thread_blocked, id=12128, stack(0x000000002a170000,0x000000002a270000)]
  0x000000001b63a800 JavaThread "Execution worker for ':' Thread 5" [_thread_blocked, id=19720, stack(0x000000002a070000,0x000000002a170000)]
  0x000000001b633000 JavaThread "Execution worker for ':' Thread 4" [_thread_blocked, id=27612, stack(0x0000000029f70000,0x000000002a070000)]
  0x000000001f339800 JavaThread "Execution worker for ':' Thread 3" [_thread_blocked, id=12020, stack(0x0000000029e70000,0x0000000029f70000)]
  0x000000001a917000 JavaThread "Execution worker for ':' Thread 2" [_thread_blocked, id=27588, stack(0x0000000027cb0000,0x0000000027db0000)]
  0x000000001a919000 JavaThread "Execution worker for ':'" [_thread_blocked, id=27152, stack(0x00000000279b0000,0x0000000027ab0000)]
  0x000000001f57f800 JavaThread "Cache worker for file content cache (D:\Jenni\Documents\AndroidStudioProjects\WomenSafe\.gradle\5.6.4\fileContent)" [_thread_blocked, id=4428, stack(0x0000000027240000,0x0000000027340000)]
  0x000000001f585800 JavaThread "Cache worker for file content cache (C:\Users\Jenni\.gradle\caches\5.6.4\fileContent)" [_thread_blocked, id=28440, stack(0x0000000026430000,0x0000000026530000)]
  0x000000001f57e000 JavaThread "Cache worker for Build Output Cleanup Cache (D:\Jenni\Documents\AndroidStudioProjects\WomenSafe\.gradle\buildOutputCleanup)" [_thread_blocked, id=17524, stack(0x0000000025b30000,0x0000000025c30000)]
  0x000000001f585000 JavaThread "Build operations Thread 12" [_thread_blocked, id=2080, stack(0x0000000025a30000,0x0000000025b30000)]
  0x000000001f584000 JavaThread "Build operations Thread 11" [_thread_blocked, id=22276, stack(0x0000000025930000,0x0000000025a30000)]
  0x000000001f57c000 JavaThread "Build operations Thread 10" [_thread_blocked, id=18176, stack(0x0000000025830000,0x0000000025930000)]
  0x000000001f582000 JavaThread "Build operations Thread 9" [_thread_blocked, id=14976, stack(0x0000000025730000,0x0000000025830000)]
  0x000000001f582800 JavaThread "Build operations Thread 8" [_thread_blocked, id=24812, stack(0x0000000025630000,0x0000000025730000)]
  0x000000001f342800 JavaThread "Build operations Thread 7" [_thread_blocked, id=15508, stack(0x0000000025530000,0x0000000025630000)]
  0x000000001f340000 JavaThread "Build operations Thread 6" [_thread_blocked, id=10764, stack(0x0000000025430000,0x0000000025530000)]
  0x000000001f33f800 JavaThread "Build operations Thread 5" [_thread_blocked, id=25016, stack(0x0000000023da0000,0x0000000023ea0000)]
  0x000000001f341800 JavaThread "Build operations Thread 4" [_thread_blocked, id=20164, stack(0x00000000239f0000,0x0000000023af0000)]
  0x000000001f33e000 JavaThread "Build operations Thread 3" [_thread_blocked, id=25132, stack(0x00000000221d0000,0x00000000222d0000)]
  0x000000001f33d000 JavaThread "Build operations Thread 2" [_thread_blocked, id=12376, stack(0x00000000220d0000,0x00000000221d0000)]
  0x000000001f335800 JavaThread "Build operations" [_thread_blocked, id=17460, stack(0x00000000209a0000,0x0000000020aa0000)]
  0x000000001f338000 JavaThread "Cache worker for cache directory md-rule (C:\Users\Jenni\.gradle\caches\5.6.4\md-rule)" [_thread_blocked, id=11892, stack(0x000000001e200000,0x000000001e300000)]
  0x000000001f338800 JavaThread "Cache worker for cache directory md-supplier (C:\Users\Jenni\.gradle\caches\5.6.4\md-supplier)" [_thread_blocked, id=25412, stack(0x000000001e100000,0x000000001e200000)]
  0x000000001f337000 JavaThread "Cache worker for file hash cache (D:\Jenni\Documents\AndroidStudioProjects\WomenSafe\.gradle\5.6.4\fileHashes)" [_thread_blocked, id=23476, stack(0x000000001e000000,0x000000001e100000)]
  0x000000001f33c800 JavaThread "Thread-78" [_thread_blocked, id=11972, stack(0x000000001df00000,0x000000001e000000)]
  0x000000001f335000 JavaThread "Stdin handler" [_thread_blocked, id=22712, stack(0x000000001dd00000,0x000000001de00000)]
  0x000000001f33b800 JavaThread "Asynchronous log dispatcher for DefaultDaemonConnection: socket connection from /127.0.0.1:61152 to /127.0.0.1:62683" [_thread_blocked, id=28328, stack(0x000000001da00000,0x000000001db00000)]
  0x000000001f33b000 JavaThread "Daemon worker Thread 3" [_thread_blocked, id=23228, stack(0x000000001d900000,0x000000001da00000)]
  0x000000001f33a000 JavaThread "Cancel handler" [_thread_blocked, id=20040, stack(0x0000000001740000,0x0000000001840000)]
  0x000000001f333800 JavaThread "Handler for socket connection from /127.0.0.1:61152 to /127.0.0.1:62683" [_thread_in_native, id=19196, stack(0x0000000001640000,0x0000000001740000)]
  0x000000001f334000 JavaThread "Daemon Thread 3" [_thread_blocked, id=11000, stack(0x0000000001540000,0x0000000001640000)]
  0x000000001f588800 JavaThread "Memory manager" [_thread_blocked, id=12788, stack(0x0000000026730000,0x0000000026830000)]
  0x000000001f581000 JavaThread "Cache worker for execution history cache (C:\Users\Jenni\.gradle\caches\5.6.4\executionHistory)" [_thread_blocked, id=10912, stack(0x00000000222d0000,0x00000000223d0000)]
  0x000000001a914800 JavaThread "Cache worker for journal cache (C:\Users\Jenni\.gradle\caches\journal-1)" [_thread_blocked, id=28108, stack(0x000000001e700000,0x000000001e800000)]
  0x000000001a914000 JavaThread "File lock request listener" [_thread_in_native, id=19612, stack(0x000000001e600000,0x000000001e700000)]
  0x000000001a918800 JavaThread "Cache worker for file hash cache (C:\Users\Jenni\.gradle\caches\5.6.4\fileHashes)" [_thread_blocked, id=15728, stack(0x000000001e500000,0x000000001e600000)]
  0x000000001c271800 JavaThread "Daemon periodic checks" [_thread_blocked, id=24412, stack(0x000000001d800000,0x000000001d900000)]
  0x000000001c267800 JavaThread "Incoming local TCP Connector on port 61152" [_thread_in_native, id=12092, stack(0x000000001d5a0000,0x000000001d6a0000)]
  0x000000001a7c7800 JavaThread "Daemon health stats" [_thread_blocked, id=7496, stack(0x000000001cf60000,0x000000001d060000)]
  0x0000000018b9d800 JavaThread "Service Thread" daemon [_thread_blocked, id=17928, stack(0x000000001a5c0000,0x000000001a6c0000)]
  0x0000000018b5e000 JavaThread "C1 CompilerThread3" daemon [_thread_in_vm, id=19840, stack(0x000000001a4c0000,0x000000001a5c0000)]
  0x0000000018b5c000 JavaThread "C2 CompilerThread2" daemon [_thread_in_native, id=28424, stack(0x000000001a3c0000,0x000000001a4c0000)]
  0x0000000018b53800 JavaThread "C2 CompilerThread1" daemon [_thread_in_native, id=24916, stack(0x000000001a2c0000,0x000000001a3c0000)]
=>0x0000000018b4d800 JavaThread "C2 CompilerThread0" daemon [_thread_in_native, id=23076, stack(0x000000001a1c0000,0x000000001a2c0000)]
  0x0000000018b49800 JavaThread "Attach Listener" daemon [_thread_blocked, id=27656, stack(0x000000001a0c0000,0x000000001a1c0000)]
  0x0000000018b48000 JavaThread "Signal Dispatcher" daemon [_thread_blocked, id=19084, stack(0x0000000019fc0000,0x000000001a0c0000)]
  0x0000000017462000 JavaThread "Finalizer" daemon [_thread_blocked, id=21644, stack(0x0000000019db0000,0x0000000019eb0000)]
  0x0000000018b43000 JavaThread "Reference Handler" daemon [_thread_blocked, id=12912, stack(0x0000000019cb0000,0x0000000019db0000)]
  0x000000000339e000 JavaThread "main" [_thread_blocked, id=23028, stack(0x0000000003210000,0x0000000003310000)]

Other Threads:
  0x0000000017455800 VMThread [stack: 0x0000000019bb0000,0x0000000019cb0000] [id=26920]
  0x0000000018bdf800 WatcherThread [stack: 0x000000001a6c0000,0x000000001a7c0000] [id=27972]

VM state:not at safepoint (normal execution)

VM Mutex/Monitor currently owned by a thread:  ([mutex/lock_event])
[0x000000000339c210] CodeCache_lock - owner thread: 0x0000000018b5e000
[0x00000000033a0e50] CompiledIC_lock - owner thread: 0x0000000000000000

heap address: 0x00000000a0000000, size: 1536 MB, Compressed Oops mode: 32-bit
Narrow klass base: 0x0000000000000000, Narrow klass shift: 3
Compressed class space size: 1073741824 Address: 0x0000000100000000

Heap:
 PSYoungGen      total 232960K, used 40673K [0x00000000e0000000, 0x00000000f2380000, 0x0000000100000000)
  eden space 207872K, 7% used [0x00000000e0000000,0x00000000e0f3a428,0x00000000ecb00000)
  from space 25088K, 99% used [0x00000000eea00000,0x00000000f027e0a8,0x00000000f0280000)
  to   space 31744K, 0% used [0x00000000ecb00000,0x00000000ecb00000,0x00000000eea00000)
 ParOldGen       total 134144K, used 65243K [0x00000000a0000000, 0x00000000a8300000, 0x00000000e0000000)
  object space 134144K, 48% used [0x00000000a0000000,0x00000000a3fb6c00,0x00000000a8300000)
 Metaspace       used 88155K, capacity 93288K, committed 93440K, reserved 1130496K
  class space    used 11508K, capacity 12513K, committed 12544K, reserved 1048576K

Card table byte_map: [0x0000000012860000,0x0000000012b70000] byte_map_base: 0x0000000012360000

Marking Bits: (ParMarkBitMap*) 0x000000006eac9f30
 Begin Bits: [0x0000000013770000, 0x0000000014f70000)
 End Bits:   [0x0000000014f70000, 0x0000000016770000)

Polling page: 0x00000000019a0000

CodeCache: size=245760Kb used=43897Kb max_used=43921Kb free=201862Kb
 bounds [0x00000000034a0000, 0x0000000005fc0000, 0x00000000124a0000]
 total_blobs=13729 nmethods=12842 adapters=799
 compilation: enabled

Compilation events (10 events):
Event: 11228.766 Thread 0x0000000018b5c000 15207       4       com.sun.org.apache.xerces.internal.parsers.AbstractSAXParser::startNamespaceMapping (77 bytes)
Event: 11228.767 Thread 0x0000000018b5e000 nmethod 15210 0x0000000005faec50 code [0x0000000005faee60, 0x0000000005fafa08]
Event: 11228.774 Thread 0x0000000018b5c000 nmethod 15207 0x0000000005f9ea90 code [0x0000000005f9ebe0, 0x0000000005f9eef8]
Event: 11228.774 Thread 0x0000000018b5c000 15208   !   4       com.android.ide.common.resources.ResourceMergerItem::getKey (204 bytes)
Event: 11228.810 Thread 0x0000000018b5e000 15211       3       com.sun.org.apache.xerces.internal.parsers.AbstractXMLDocumentParser::setDTDSource (6 bytes)
Event: 11228.820 Thread 0x0000000018b5e000 nmethod 15211 0x00000000036a7050 code [0x00000000036a71a0, 0x00000000036a7310]
Event: 11228.821 Thread 0x0000000018b5c000 nmethod 15208 0x0000000005fb9090 code [0x0000000005fb9280, 0x0000000005fba4a8]
Event: 11228.821 Thread 0x0000000018b5c000 15212       4       com.google.common.collect.RegularImmutableMap::get (64 bytes)
Event: 11228.824 Thread 0x0000000018b5c000 nmethod 15212 0x0000000005f95490 code [0x0000000005f955e0, 0x0000000005f95778]
Event: 11228.824 Thread 0x0000000018b5c000 15204       4       com.sun.org.apache.xerces.internal.dom.CoreDocumentImpl::setUserData (179 bytes)

GC Heap History (10 events):
Event: 9.312 GC heap before
{Heap before GC invocations=17 (full 3):
 PSYoungGen      total 186368K, used 181076K [0x00000000e0000000, 0x00000000eea80000, 0x0000000100000000)
  eden space 166912K, 100% used [0x00000000e0000000,0x00000000ea300000,0x00000000ea300000)
  from space 19456K, 72% used [0x00000000ea300000,0x00000000eb0d5330,0x00000000eb600000)
  to   space 20480K, 0% used [0x00000000ed680000,0x00000000ed680000,0x00000000eea80000)
 ParOldGen       total 134144K, used 33941K [0x00000000a0000000, 0x00000000a8300000, 0x00000000e0000000)
  object space 134144K, 25% used [0x00000000a0000000,0x00000000a2125668,0x00000000a8300000)
 Metaspace       used 72813K, capacity 76414K, committed 76800K, reserved 1116160K
  class space    used 9958K, capacity 10631K, committed 10752K, reserved 1048576K
Event: 9.331 GC heap after
Heap after GC invocations=17 (full 3):
 PSYoungGen      total 214528K, used 20470K [0x00000000e0000000, 0x00000000ef480000, 0x0000000100000000)
  eden space 194048K, 0% used [0x00000000e0000000,0x00000000e0000000,0x00000000ebd80000)
  from space 20480K, 99% used [0x00000000ed680000,0x00000000eea7da98,0x00000000eea80000)
  to   space 25600K, 0% used [0x00000000ebd80000,0x00000000ebd80000,0x00000000ed680000)
 ParOldGen       total 134144K, used 39703K [0x00000000a0000000, 0x00000000a8300000, 0x00000000e0000000)
  object space 134144K, 29% used [0x00000000a0000000,0x00000000a26c5dd0,0x00000000a8300000)
 Metaspace       used 72813K, capacity 76414K, committed 76800K, reserved 1116160K
  class space    used 9958K, capacity 10631K, committed 10752K, reserved 1048576K
}
Event: 5625.895 GC heap before
{Heap before GC invocations=18 (full 3):
 PSYoungGen      total 214528K, used 214518K [0x00000000e0000000, 0x00000000ef480000, 0x0000000100000000)
  eden space 194048K, 100% used [0x00000000e0000000,0x00000000ebd80000,0x00000000ebd80000)
  from space 20480K, 99% used [0x00000000ed680000,0x00000000eea7da98,0x00000000eea80000)
  to   space 25600K, 0% used [0x00000000ebd80000,0x00000000ebd80000,0x00000000ed680000)
 ParOldGen       total 134144K, used 39703K [0x00000000a0000000, 0x00000000a8300000, 0x00000000e0000000)
  object space 134144K, 29% used [0x00000000a0000000,0x00000000a26c5dd0,0x00000000a8300000)
 Metaspace       used 79766K, capacity 84194K, committed 84480K, reserved 1122304K
  class space    used 10604K, capacity 11418K, committed 11520K, reserved 1048576K
Event: 5626.133 GC heap after
Heap after GC invocations=18 (full 3):
 PSYoungGen      total 219648K, used 13687K [0x00000000e0000000, 0x00000000f0c80000, 0x0000000100000000)
  eden space 194048K, 0% used [0x00000000e0000000,0x00000000e0000000,0x00000000ebd80000)
  from space 25600K, 53% used [0x00000000ebd80000,0x00000000ecaddd18,0x00000000ed680000)
  to   space 25088K, 0% used [0x00000000ef400000,0x00000000ef400000,0x00000000f0c80000)
 ParOldGen       total 134144K, used 57101K [0x00000000a0000000, 0x00000000a8300000, 0x00000000e0000000)
  object space 134144K, 42% used [0x00000000a0000000,0x00000000a37c3460,0x00000000a8300000)
 Metaspace       used 79766K, capacity 84194K, committed 84480K, reserved 1122304K
  class space    used 10604K, capacity 11418K, committed 11520K, reserved 1048576K
}
Event: 5630.351 GC heap before
{Heap before GC invocations=19 (full 3):
 PSYoungGen      total 219648K, used 207735K [0x00000000e0000000, 0x00000000f0c80000, 0x0000000100000000)
  eden space 194048K, 100% used [0x00000000e0000000,0x00000000ebd80000,0x00000000ebd80000)
  from space 25600K, 53% used [0x00000000ebd80000,0x00000000ecaddd18,0x00000000ed680000)
  to   space 25088K, 0% used [0x00000000ef400000,0x00000000ef400000,0x00000000f0c80000)
 ParOldGen       total 134144K, used 57101K [0x00000000a0000000, 0x00000000a8300000, 0x00000000e0000000)
  object space 134144K, 42% used [0x00000000a0000000,0x00000000a37c3460,0x00000000a8300000)
 Metaspace       used 84070K, capacity 88712K, committed 89088K, reserved 1126400K
  class space    used 11065K, capacity 11940K, committed 12032K, reserved 1048576K
Event: 5630.497 GC heap after
Heap after GC invocations=19 (full 3):
 PSYoungGen      total 243712K, used 14648K [0x00000000e0000000, 0x00000000f0900000, 0x0000000100000000)
  eden space 222208K, 0% used [0x00000000e0000000,0x00000000e0000000,0x00000000ed900000)
  from space 21504K, 68% used [0x00000000ef400000,0x00000000f024e390,0x00000000f0900000)
  to   space 24576K, 0% used [0x00000000ed900000,0x00000000ed900000,0x00000000ef100000)
 ParOldGen       total 134144K, used 57109K [0x00000000a0000000, 0x00000000a8300000, 0x00000000e0000000)
  object space 134144K, 42% used [0x00000000a0000000,0x00000000a37c5460,0x00000000a8300000)
 Metaspace       used 84070K, capacity 88712K, committed 89088K, reserved 1126400K
  class space    used 11065K, capacity 11940K, committed 12032K, reserved 1048576K
}
Event: 11221.120 GC heap before
{Heap before GC invocations=20 (full 3):
 PSYoungGen      total 243712K, used 236856K [0x00000000e0000000, 0x00000000f0900000, 0x0000000100000000)
  eden space 222208K, 100% used [0x00000000e0000000,0x00000000ed900000,0x00000000ed900000)
  from space 21504K, 68% used [0x00000000ef400000,0x00000000f024e390,0x00000000f0900000)
  to   space 24576K, 0% used [0x00000000ed900000,0x00000000ed900000,0x00000000ef100000)
 ParOldGen       total 134144K, used 57109K [0x00000000a0000000, 0x00000000a8300000, 0x00000000e0000000)
  object space 134144K, 42% used [0x00000000a0000000,0x00000000a37c5460,0x00000000a8300000)
 Metaspace       used 84917K, capacity 89842K, committed 89984K, reserved 1126400K
  class space    used 11143K, capacity 12096K, committed 12160K, reserved 1048576K
Event: 11221.295 GC heap after
Heap after GC invocations=20 (full 3):
 PSYoungGen      total 230912K, used 16271K [0x00000000e0000000, 0x00000000f0280000, 0x0000000100000000)
  eden space 214528K, 0% used [0x00000000e0000000,0x00000000e0000000,0x00000000ed180000)
  from space 16384K, 99% used [0x00000000ed900000,0x00000000ee8e3c60,0x00000000ee900000)
  to   space 25088K, 0% used [0x00000000eea00000,0x00000000eea00000,0x00000000f0280000)
 ParOldGen       total 134144K, used 57117K [0x00000000a0000000, 0x00000000a8300000, 0x00000000e0000000)
  object space 134144K, 42% used [0x00000000a0000000,0x00000000a37c7460,0x00000000a8300000)
 Metaspace       used 84917K, capacity 89842K, committed 89984K, reserved 1126400K
  class space    used 11143K, capacity 12096K, committed 12160K, reserved 1048576K
}
Event: 11228.350 GC heap before
{Heap before GC invocations=21 (full 3):
 PSYoungGen      total 230912K, used 230799K [0x00000000e0000000, 0x00000000f0280000, 0x0000000100000000)
  eden space 214528K, 100% used [0x00000000e0000000,0x00000000ed180000,0x00000000ed180000)
  from space 16384K, 99% used [0x00000000ed900000,0x00000000ee8e3c60,0x00000000ee900000)
  to   space 25088K, 0% used [0x00000000eea00000,0x00000000eea00000,0x00000000f0280000)
 ParOldGen       total 134144K, used 57117K [0x00000000a0000000, 0x00000000a8300000, 0x00000000e0000000)
  object space 134144K, 42% used [0x00000000a0000000,0x00000000a37c7460,0x00000000a8300000)
 Metaspace       used 88147K, capacity 93288K, committed 93440K, reserved 1130496K
  class space    used 11508K, capacity 12513K, committed 12544K, reserved 1048576K
Event: 11228.514 GC heap after
Heap after GC invocations=21 (full 3):
 PSYoungGen      total 232960K, used 25080K [0x00000000e0000000, 0x00000000f2380000, 0x0000000100000000)
  eden space 207872K, 0% used [0x00000000e0000000,0x00000000e0000000,0x00000000ecb00000)
  from space 25088K, 99% used [0x00000000eea00000,0x00000000f027e0a8,0x00000000f0280000)
  to   space 31744K, 0% used [0x00000000ecb00000,0x00000000ecb00000,0x00000000eea00000)
 ParOldGen       total 134144K, used 65243K [0x00000000a0000000, 0x00000000a8300000, 0x00000000e0000000)
  object space 134144K, 48% used [0x00000000a0000000,0x00000000a3fb6c00,0x00000000a8300000)
 Metaspace       used 88147K, capacity 93288K, committed 93440K, reserved 1130496K
  class space    used 11508K, capacity 12513K, committed 12544K, reserved 1048576K
}

Deoptimization events (10 events):
Event: 11226.840 Thread 0x000000001a918800 Uncommon trap: reason=class_check action=maybe_recompile pc=0x0000000005ba9214 method=org.gradle.cache.internal.btree.FileBackedBlockStore$BlockImpl.getSize()I @ 12
Event: 11227.815 Thread 0x000000001b635000 Uncommon trap: reason=class_check action=maybe_recompile pc=0x0000000005f00334 method=com.sun.org.apache.xerces.internal.dom.NamedNodeMapImpl.findNamePoint(Ljava/lang/String;I)I @ 54
Event: 11227.815 Thread 0x000000001b635000 Uncommon trap: reason=class_check action=maybe_recompile pc=0x0000000005f00334 method=com.sun.org.apache.xerces.internal.dom.NamedNodeMapImpl.findNamePoint(Ljava/lang/String;I)I @ 54
Event: 11227.815 Thread 0x000000001b635000 Uncommon trap: reason=class_check action=maybe_recompile pc=0x0000000005f00334 method=com.sun.org.apache.xerces.internal.dom.NamedNodeMapImpl.findNamePoint(Ljava/lang/String;I)I @ 54
Event: 11227.815 Thread 0x000000001b635000 Uncommon trap: reason=class_check action=maybe_recompile pc=0x0000000005f00334 method=com.sun.org.apache.xerces.internal.dom.NamedNodeMapImpl.findNamePoint(Ljava/lang/String;I)I @ 54
Event: 11228.253 Thread 0x000000001b635000 Uncommon trap: reason=bimorphic action=maybe_recompile pc=0x0000000005c4de50 method=com.sun.org.apache.xerces.internal.impl.XMLEntityScanner.load(IZZ)Z @ 81
Event: 11228.258 Thread 0x000000001b635000 Uncommon trap: reason=bimorphic action=maybe_recompile pc=0x0000000005c4de50 method=com.sun.org.apache.xerces.internal.impl.XMLEntityScanner.load(IZZ)Z @ 81
Event: 11228.258 Thread 0x000000001b635000 Uncommon trap: reason=bimorphic action=maybe_recompile pc=0x0000000005c4de50 method=com.sun.org.apache.xerces.internal.impl.XMLEntityScanner.load(IZZ)Z @ 81
Event: 11228.259 Thread 0x000000001b635000 Uncommon trap: reason=unstable_if action=reinterpret pc=0x0000000005e5c68c method=com.sun.org.apache.xerces.internal.impl.XMLDocumentFragmentScannerImpl$FragmentContentDriver.next()I @ 823
Event: 11228.262 Thread 0x000000001b635000 Uncommon trap: reason=bimorphic action=maybe_recompile pc=0x0000000005c4de50 method=com.sun.org.apache.xerces.internal.impl.XMLEntityScanner.load(IZZ)Z @ 81

Classes redefined (0 events):
No events

Internal exceptions (10 events):
Event: 11223.003 Thread 0x000000001a919000 Implicit null exception at 0x000000000361e4a2 to 0x000000000361e9e1
Event: 11223.514 Thread 0x000000001a919000 Implicit null exception at 0x0000000005ac1d78 to 0x0000000005ac38e9
Event: 11224.395 Thread 0x000000001f57c000 Exception <a 'sun/nio/fs/WindowsException'> (0x00000000e6797870) thrown at [D:\src\AOSP-openjdk-cygwin\jdk8u\hotspot\src\share\vm\prims\jni.cpp, line 710]
Event: 11224.397 Thread 0x000000001f57c000 Exception <a 'sun/nio/fs/WindowsException'> (0x00000000e67a0c50) thrown at [D:\src\AOSP-openjdk-cygwin\jdk8u\hotspot\src\share\vm\prims\jni.cpp, line 710]
Event: 11224.438 Thread 0x000000001f57c000 Exception <a 'sun/nio/fs/WindowsException'> (0x00000000e67a7108) thrown at [D:\src\AOSP-openjdk-cygwin\jdk8u\hotspot\src\share\vm\prims\jni.cpp, line 710]
Event: 11224.749 Thread 0x000000001b639000 Implicit null exception at 0x000000000592ec9b to 0x000000000593034d
Event: 11224.764 Thread 0x000000001b638000 Implicit null exception at 0x000000000594a8dc to 0x000000000594cdf1
Event: 11224.800 Thread 0x000000001b635000 Implicit null exception at 0x000000000374ea59 to 0x000000000374ee05
Event: 11224.801 Thread 0x000000001b635000 Implicit null exception at 0x00000000036d3c56 to 0x00000000036d3fe9
Event: 11224.909 Thread 0x000000001b635000 Exception <a 'java/lang/NoSuchMethodError': java.lang.Object.lambda$codePoints$1()Ljava/util/Spliterator$OfInt;> (0x00000000e7dd3728) thrown at [D:\src\AOSP-openjdk-cygwin\jdk8u\hotspot\src\share\vm\interpreter\linkResolver.cpp, line 620]

Events (10 events):
Event: 11228.562 Thread 0x0000000018b5c000 flushing nmethod 0x00000000036a7050
Event: 11228.566 Thread 0x0000000018b5c000 flushing nmethod 0x00000000036b1d90
Event: 11228.634 Thread 0x0000000018b5c000 flushing nmethod 0x00000000038e3f10
Event: 11228.637 Thread 0x0000000018b5c000 flushing nmethod 0x0000000003908550
Event: 11228.649 Thread 0x0000000018b5c000 flushing nmethod 0x0000000003987250
Event: 11228.666 Thread 0x0000000018b5c000 flushing nmethod 0x0000000003a48dd0
Event: 11228.758 Thread 0x0000000018b5c000 flushing nmethod 0x0000000003dcf010
Event: 11228.768 Thread 0x0000000018b5e000 flushing nmethod 0x0000000003e41610
Event: 11228.821 Thread 0x0000000018b5e000 flushing nmethod 0x0000000004032090
Event: 11228.821 Thread 0x0000000018b5e000 flushing nmethod 0x000000000404c790


Dynamic libraries:
0x00007ff7f4e70000 - 0x00007ff7f4ea1000 	D:\Program Files\Android\Android Studio\jre\bin\java.exe
0x00007ff88cb80000 - 0x00007ff88cd70000 	C:\Windows\SYSTEM32\ntdll.dll
0x00007ff88ac90000 - 0x00007ff88ad42000 	C:\Windows\System32\KERNEL32.DLL
0x00007ff889e90000 - 0x00007ff88a133000 	C:\Windows\System32\KERNELBASE.dll
0x00007ff88af50000 - 0x00007ff88aff3000 	C:\Windows\System32\ADVAPI32.dll
0x00007ff88c1d0000 - 0x00007ff88c26e000 	C:\Windows\System32\msvcrt.dll
0x00007ff88aeb0000 - 0x00007ff88af47000 	C:\Windows\System32\sechost.dll
0x00007ff88b0c0000 - 0x00007ff88b1e0000 	C:\Windows\System32\RPCRT4.dll
0x00007ff88b6d0000 - 0x00007ff88b864000 	C:\Windows\System32\USER32.dll
0x00007ff88a140000 - 0x00007ff88a161000 	C:\Windows\System32\win32u.dll
0x00007ff88c2a0000 - 0x00007ff88c2c6000 	C:\Windows\System32\GDI32.dll
0x00007ff889cf0000 - 0x00007ff889e84000 	C:\Windows\System32\gdi32full.dll
0x00007ff88ab10000 - 0x00007ff88abae000 	C:\Windows\System32\msvcp_win.dll
0x00007ff889bf0000 - 0x00007ff889cea000 	C:\Windows\System32\ucrtbase.dll
0x00007ff874800000 - 0x00007ff874a85000 	C:\Windows\WinSxS\amd64_microsoft.windows.common-controls_6595b64144ccf1df_6.0.18362.720_none_e6beb5c51314836b\COMCTL32.dll
0x00007ff88b2a0000 - 0x00007ff88b5d6000 	C:\Windows\System32\combase.dll
0x00007ff88abb0000 - 0x00007ff88ac30000 	C:\Windows\System32\bcryptPrimitives.dll
0x00007ff88c270000 - 0x00007ff88c29e000 	C:\Windows\System32\IMM32.DLL
0x000000006e140000 - 0x000000006e212000 	D:\Program Files\Android\Android Studio\jre\jre\bin\msvcr100.dll
0x000000006e300000 - 0x000000006eb46000 	D:\Program Files\Android\Android Studio\jre\jre\bin\server\jvm.dll
0x00007ff88c970000 - 0x00007ff88c978000 	C:\Windows\System32\PSAPI.DLL
0x00007ff881f90000 - 0x00007ff881fb4000 	C:\Windows\SYSTEM32\WINMM.dll
0x00007ff87f060000 - 0x00007ff87f06a000 	C:\Windows\SYSTEM32\VERSION.dll
0x00007ff883190000 - 0x00007ff883199000 	C:\Windows\SYSTEM32\WSOCK32.dll
0x00007ff88b660000 - 0x00007ff88b6cf000 	C:\Windows\System32\WS2_32.dll
0x00007ff881f60000 - 0x00007ff881f8d000 	C:\Windows\SYSTEM32\winmmbase.dll
0x00007ff88aac0000 - 0x00007ff88ab0a000 	C:\Windows\System32\cfgmgr32.dll
0x00007ff883140000 - 0x00007ff88314f000 	D:\Program Files\Android\Android Studio\jre\jre\bin\verify.dll
0x00007ff876fe0000 - 0x00007ff877009000 	D:\Program Files\Android\Android Studio\jre\jre\bin\java.dll
0x00007ff883120000 - 0x00007ff883136000 	D:\Program Files\Android\Android Studio\jre\jre\bin\zip.dll
0x00007ff88b870000 - 0x00007ff88bf55000 	C:\Windows\System32\SHELL32.dll
0x00007ff88b010000 - 0x00007ff88b0b9000 	C:\Windows\System32\shcore.dll
0x00007ff88a340000 - 0x00007ff88aac0000 	C:\Windows\System32\windows.storage.dll
0x00007ff889a90000 - 0x00007ff889ab3000 	C:\Windows\System32\profapi.dll
0x00007ff889ac0000 - 0x00007ff889b0a000 	C:\Windows\System32\powrprof.dll
0x00007ff889a40000 - 0x00007ff889a50000 	C:\Windows\System32\UMPDC.dll
0x00007ff88bf60000 - 0x00007ff88bfb2000 	C:\Windows\System32\shlwapi.dll
0x00007ff889a70000 - 0x00007ff889a81000 	C:\Windows\System32\kernel.appcore.dll
0x00007ff88a170000 - 0x00007ff88a187000 	C:\Windows\System32\cryptsp.dll
0x00007ff882020000 - 0x00007ff88203a000 	D:\Program Files\Android\Android Studio\jre\jre\bin\net.dll
0x00007ff876190000 - 0x00007ff876365000 	C:\Windows\SYSTEM32\urlmon.dll
0x00007ff8767f0000 - 0x00007ff876a96000 	C:\Windows\SYSTEM32\iertutil.dll
0x00007ff889480000 - 0x00007ff88948c000 	C:\Windows\SYSTEM32\CRYPTBASE.DLL
0x00007ff8892b0000 - 0x00007ff889317000 	C:\Windows\system32\mswsock.dll
0x00007ff876bc0000 - 0x00007ff876bd3000 	D:\Program Files\Android\Android Studio\jre\jre\bin\nio.dll
0x00007ff880260000 - 0x00007ff880286000 	C:\Users\Jenni\.gradle\native\30\windows-amd64\native-platform.dll
0x00007ff881ff0000 - 0x00007ff881ffd000 	D:\Program Files\Android\Android Studio\jre\jre\bin\management.dll
0x00007ff888e20000 - 0x00007ff888e53000 	C:\Windows\system32\rsaenh.dll
0x00007ff889bc0000 - 0x00007ff889be6000 	C:\Windows\System32\bcrypt.dll
0x00007ff889960000 - 0x00007ff889985000 	C:\Windows\SYSTEM32\USERENV.dll
0x00007ff888fc0000 - 0x00007ff888ffa000 	C:\Windows\SYSTEM32\IPHLPAPI.DLL
0x00007ff88b000000 - 0x00007ff88b008000 	C:\Windows\System32\NSI.dll
0x00007ff87dfd0000 - 0x00007ff87dfe6000 	C:\Windows\SYSTEM32\dhcpcsvc6.DLL
0x00007ff87e080000 - 0x00007ff87e09c000 	C:\Windows\SYSTEM32\dhcpcsvc.DLL
0x00007ff889000000 - 0x00007ff8890ca000 	C:\Windows\SYSTEM32\DNSAPI.dll
0x00007ff872750000 - 0x00007ff872774000 	D:\Program Files\Android\Android Studio\jre\jre\bin\sunec.dll
0x00007ff87e160000 - 0x00007ff87e16a000 	C:\Windows\System32\rasadhlp.dll
0x00007ff87def0000 - 0x00007ff87df67000 	C:\Windows\System32\fwpuclnt.dll
0x00007ff8831d0000 - 0x00007ff8831db000 	D:\Program Files\Android\Android Studio\jre\jre\bin\sunmscapi.dll
0x00007ff88a190000 - 0x00007ff88a2d9000 	C:\Windows\System32\CRYPT32.dll
0x00007ff889a50000 - 0x00007ff889a62000 	C:\Windows\System32\MSASN1.dll
0x00007ff884620000 - 0x00007ff8846af000 	C:\Windows\system32\apphelp.dll

VM Arguments:
jvm_args: -Xmx1536m -Dfile.encoding=windows-1252 -Duser.country=BR -Duser.language=pt -Duser.variant 
java_command: org.gradle.launcher.daemon.bootstrap.GradleDaemon 5.6.4
java_class_path (initial): C:\Users\Jenni\.gradle\wrapper\dists\gradle-5.6.4-all\ankdp27end7byghfw1q2sw75f\gradle-5.6.4\lib\gradle-launcher-5.6.4.jar
Launcher Type: SUN_STANDARD

Environment Variables:
PATH=C:\Windows\system32;C:\Windows;C:\Windows\System32\Wbem;C:\Windows\System32\WindowsPowerShell\v1.0\;C:\Windows\System32\OpenSSH\;C:\Program Files (x86)\NVIDIA Corporation\PhysX\Common;C:\Program Files\NVIDIA Corporation\NVIDIA NvDLISR;C:\Program Files (x86)\Intel\Intel(R) Management Engine Components\DAL;C:\Program Files\Intel\Intel(R) Management Engine Components\DAL;D:\Program Files\Git\cmd;C:\Users\Jenni\AppData\Local\Microsoft\WindowsApps;;D:\Programas\Microsoft VS Code\bin;D:\Microsoft VS Code\bin
USERNAME=Jenni
OS=Windows_NT
PROCESSOR_IDENTIFIER=Intel64 Family 6 Model 158 Stepping 10, GenuineIntel



---------------  S Y S T E M  ---------------

OS: Windows 10.0 , 64 bit Build 18362 (10.0.18362.329)

CPU:total 12 (initial active 12) (6 cores per cpu, 2 threads per core) family 6 model 158 stepping 10, cmov, cx8, fxsr, mmx, sse, sse2, sse3, ssse3, sse4.1, sse4.2, popcnt, avx, avx2, aes, clmul, erms, 3dnowpref, lzcnt, ht, tsc, tscinvbit, bmi1, bmi2, adx

Memory: 4k page, physical 8190388k(17236k free), swap 21502256k(0k free)

vm_info: OpenJDK 64-Bit Server VM (25.212-b04) for windows-amd64 JRE (1.8.0_212-release-1586-b04), built by "builder" with MS VC++ 10.0 (VS2010)

time: Fri Apr 10 20:41:21 2020
timezone: Hora oficial do Brasil
elapsed time: 11228 seconds (0d 3h 7m 8s)

